-------------------------------------------------------------------------------
Test set: com.JetEdge.OwnerPortal.RunnerClass.JE_OP_2_HomePageRunnerTest
-------------------------------------------------------------------------------
Tests run: 1, Failures: 0, Errors: 1, Skipped: 0, Time elapsed: 37.11 s <<< FAILURE! -- in com.JetEdge.OwnerPortal.RunnerClass.JE_OP_2_HomePageRunnerTest
HOMEPAGE.Homepage:Live Hours #8 -- Time elapsed: 37.05 s <<< ERROR!
org.openqa.selenium.UnhandledAlertException: 
unexpected alert open: {Alert text : Error: The type initializer for genclass threw an exception.

An error occured in Function: Bind_CurrentBalance
Line: 1195}
  (Session info: chrome=126.0.6478.62): Error: The type initializer for genclass threw an exception.

An error occured in Function: Bind_CurrentBalance
Line: 1195
Build info: version: '4.21.0', revision: '79ed462ef4'
System info: os.name: 'Windows 11', os.arch: 'amd64', os.version: '10.0', java.version: '21.0.2'
Driver info: org.openqa.selenium.chrome.ChromeDriver
Command: [f96acf2e6ea52d58e9b75f478cab123e, findElement {using=id, value=ContentPlaceHolder1_gvRequestSummary_imbView_0}]
Capabilities {acceptInsecureCerts: false, browserName: chrome, browserVersion: 126.0.6478.62, chrome: {chromedriverVersion: 125.0.6422.78 (14db42ec38ad..., userDataDir: C:\WINDOWS\SystemTemp\scope...}, fedcm:accounts: true, goog:chromeOptions: {debuggerAddress: localhost:58481}, networkConnectionEnabled: false, pageLoadStrategy: normal, platformName: windows, proxy: Proxy(), se:cdp: ws://localhost:58481/devtoo..., se:cdpVersion: 126.0.6478.62, setWindowRect: true, strictFileInteractability: false, timeouts: {implicit: 0, pageLoad: 300000, script: 30000}, unhandledPromptBehavior: dismiss and notify, webauthn:extension:credBlob: true, webauthn:extension:largeBlob: true, webauthn:extension:minPinLength: true, webauthn:extension:prf: true, webauthn:virtualAuthenticators: true}
Session ID: f96acf2e6ea52d58e9b75f478cab123e
	at org.openqa.selenium.remote.codec.w3c.W3CHttpResponseCodec.decode(W3CHttpResponseCodec.java:136)
	at org.openqa.selenium.remote.codec.w3c.W3CHttpResponseCodec.decode(W3CHttpResponseCodec.java:50)
	at org.openqa.selenium.remote.HttpCommandExecutor.execute(HttpCommandExecutor.java:190)
	at org.openqa.selenium.remote.service.DriverCommandExecutor.invokeExecute(DriverCommandExecutor.java:216)
	at org.openqa.selenium.remote.service.DriverCommandExecutor.execute(DriverCommandExecutor.java:174)
	at org.openqa.selenium.remote.RemoteWebDriver.execute(RemoteWebDriver.java:518)
	at org.openqa.selenium.remote.ElementLocation$ElementFinder$2.findElement(ElementLocation.java:165)
	at org.openqa.selenium.remote.ElementLocation.findElement(ElementLocation.java:59)
	at org.openqa.selenium.remote.RemoteWebDriver.findElement(RemoteWebDriver.java:355)
	at org.openqa.selenium.remote.RemoteWebDriver.findElement(RemoteWebDriver.java:349)
	at org.openqa.selenium.support.ui.ExpectedConditions$7.apply(ExpectedConditions.java:194)
	at org.openqa.selenium.support.ui.ExpectedConditions$7.apply(ExpectedConditions.java:190)
	at org.openqa.selenium.support.ui.ExpectedConditions$22.apply(ExpectedConditions.java:627)
	at org.openqa.selenium.support.ui.ExpectedConditions$22.apply(ExpectedConditions.java:624)
	at org.openqa.selenium.support.ui.FluentWait.until(FluentWait.java:203)
	at com.JetEdge.OwnerPortal.StepDefinition.JE_OP_2_HomePage.Click_View_button_In_Request_Flight(JE_OP_2_HomePage.java:530)
	at âœ½.Click View button In Request Flight(file:///C:/Users/thirumaran/eclipse-workspace/JetEdgeOwnerPortal/src/test/resources/FeatureFiles/JE_OP_2_HomePage.feature:402)

